[    0.000000] Linux version 4.15.0-162-generic (buildd@lcy01-amd64-007) (gcc version 7.5.0 (Ubuntu 7.5.0-3ubuntu1~18.04)) #170-Ubuntu SMP Mon Oct 18 11:38:05 UTC 2021 (Ubuntu 4.15.0-162.170-generic 4.15.18)
[    0.000000] Command line: BOOT_IMAGE=/boot/vmlinuz-4.15.0-162-generic root=UUID=9ec048ba-a1ef-4711-b78a-de2aeea58283 ro console=tty1 console=ttyS0
[    0.000000] KERNEL supported cpus:
[    0.000000]   Intel GenuineIntel
[    0.000000]   AMD AuthenticAMD
[    0.000000]   Centaur CentaurHauls
[    0.000000] x86/fpu: Supporting XSAVE feature 0x001: 'x87 floating point registers'
[    0.000000] x86/fpu: Supporting XSAVE feature 0x002: 'SSE registers'
[    0.000000] x86/fpu: Supporting XSAVE feature 0x004: 'AVX registers'
[    0.000000] x86/fpu: xstate_offset[2]:  576, xstate_sizes[2]:  256
[    0.000000] x86/fpu: Enabled xstate features 0x7, context size is 832 bytes, using 'standard' format.
[    0.000000] e820: BIOS-provided physical RAM map:
[    0.000000] BIOS-e820: [mem 0x0000000000000000-0x000000000009fbff] usable
[    0.000000] BIOS-e820: [mem 0x000000000009fc00-0x000000000009ffff] reserved
[    0.000000] BIOS-e820: [mem 0x00000000000f0000-0x00000000000fffff] reserved
[    0.000000] BIOS-e820: [mem 0x0000000000100000-0x000000003ffeffff] usable
[    0.000000] BIOS-e820: [mem 0x000000003fff0000-0x000000003fffffff] ACPI data
[    0.000000] BIOS-e820: [mem 0x00000000fec00000-0x00000000fec00fff] reserved
[    0.000000] BIOS-e820: [mem 0x00000000fee00000-0x00000000fee00fff] reserved
[    0.000000] BIOS-e820: [mem 0x00000000fffc0000-0x00000000ffffffff] reserved
[    0.000000] NX (Execute Disable) protection: active
[    0.000000] SMBIOS 2.5 present.
[    0.000000] DMI: innotek GmbH VirtualBox/VirtualBox, BIOS VirtualBox 12/01/2006
[    0.000000] Hypervisor detected: KVM
[    0.000000] e820: last_pfn = 0x3fff0 max_arch_pfn = 0x400000000
[    0.000000] MTRR: Disabled
[    0.000000] x86/PAT: MTRRs disabled, skipping PAT initialization too.
[    0.000000] CPU MTRRs all blank - virtualized system.
[    0.000000] x86/PAT: Configuration [0-7]: WB  WT  UC- UC  WB  WT  UC- UC  
[    0.000000] found SMP MP-table at [mem 0x0009fff0-0x0009ffff]
[    0.000000] Scanning 1 areas for low memory corruption
[    0.000000] RAMDISK: [mem 0x3581f000-0x36c06fff]
[    0.000000] ACPI: Early table checksum verification disabled
[    0.000000] ACPI: RSDP 0x00000000000E0000 000024 (v02 VBOX  )
[    0.000000] ACPI: XSDT 0x000000003FFF0030 00003C (v01 VBOX   VBOXXSDT 00000001 ASL  00000061)
[    0.000000] ACPI: FACP 0x000000003FFF00F0 0000F4 (v04 VBOX   VBOXFACP 00000001 ASL  00000061)
[    0.000000] ACPI: DSDT 0x000000003FFF0470 002325 (v02 VBOX   VBOXBIOS 00000002 INTL 20120111)
[    0.000000] ACPI: FACS 0x000000003FFF0200 000040
[    0.000000] ACPI: FACS 0x000000003FFF0200 000040
[    0.000000] ACPI: APIC 0x000000003FFF0240 00005C (v02 VBOX   VBOXAPIC 00000001 ASL  00000061)
[    0.000000] ACPI: SSDT 0x000000003FFF02A0 0001CC (v01 VBOX   VBOXCPUT 00000002 INTL 20120111)
[    0.000000] ACPI: Reserving FACP table memory at [mem 0x3fff00f0-0x3fff01e3]
[    0.000000] ACPI: Reserving DSDT table memory at [mem 0x3fff0470-0x3fff2794]
[    0.000000] ACPI: Reserving FACS table memory at [mem 0x3fff0200-0x3fff023f]
[    0.000000] ACPI: Reserving FACS table memory at [mem 0x3fff0200-0x3fff023f]
[    0.000000] ACPI: Reserving APIC table memory at [mem 0x3fff0240-0x3fff029b]
[    0.000000] ACPI: Reserving SSDT table memory at [mem 0x3fff02a0-0x3fff046b]
[    0.000000] No NUMA configuration found
[    0.000000] Faking a node at [mem 0x0000000000000000-0x000000003ffeffff]
[    0.000000] NODE_DATA(0) allocated [mem 0x3ffc5000-0x3ffeffff]
[    0.000000] kvm-clock: cpu 0, msr 0:3ff44001, primary cpu clock
[    0.000000] kvm-clock: Using msrs 4b564d01 and 4b564d00
[    0.000000] kvm-clock: using sched offset of 8738678148 cycles
[    0.000000] clocksource: kvm-clock: mask: 0xffffffffffffffff max_cycles: 0x1cd42e4dffb, max_idle_ns: 881590591483 ns
[    0.000000] Zone ranges:
[    0.000000]   DMA      [mem 0x0000000000001000-0x0000000000ffffff]
[    0.000000]   DMA32    [mem 0x0000000001000000-0x000000003ffeffff]
[    0.000000]   Normal   empty
[    0.000000]   Device   empty
[    0.000000] Movable zone start for each node
[    0.000000] Early memory node ranges
[    0.000000]   node   0: [mem 0x0000000000001000-0x000000000009efff]
[    0.000000]   node   0: [mem 0x0000000000100000-0x000000003ffeffff]
[    0.000000] Reserved but unavailable: 104 pages
[    0.000000] Initmem setup node 0 [mem 0x0000000000001000-0x000000003ffeffff]
[    0.000000] ACPI: PM-Timer IO Port: 0x4008
[    0.000000] IOAPIC[0]: apic_id 2, version 32, address 0xfec00000, GSI 0-23
[    0.000000] ACPI: INT_SRC_OVR (bus 0 bus_irq 0 global_irq 2 dfl dfl)
[    0.000000] ACPI: INT_SRC_OVR (bus 0 bus_irq 9 global_irq 9 low level)
[    0.000000] Using ACPI (MADT) for SMP configuration information
[    0.000000] smpboot: Allowing 2 CPUs, 0 hotplug CPUs
[    0.000000] PM: Registered nosave memory: [mem 0x00000000-0x00000fff]
[    0.000000] PM: Registered nosave memory: [mem 0x0009f000-0x0009ffff]
[    0.000000] PM: Registered nosave memory: [mem 0x000a0000-0x000effff]
[    0.000000] PM: Registered nosave memory: [mem 0x000f0000-0x000fffff]
[    0.000000] e820: [mem 0x40000000-0xfebfffff] available for PCI devices
[    0.000000] Booting paravirtualized kernel on KVM
[    0.000000] clocksource: refined-jiffies: mask: 0xffffffff max_cycles: 0xffffffff, max_idle_ns: 7645519600211568 ns
[    0.000000] random: get_random_bytes called from start_kernel+0x99/0x500 with crng_init=0
[    0.000000] setup_percpu: NR_CPUS:8192 nr_cpumask_bits:2 nr_cpu_ids:2 nr_node_ids:1
[    0.000000] percpu: Embedded 45 pages/cpu s147456 r8192 d28672 u1048576
[    0.000000] PV qspinlock hash table entries: 256 (order: 0, 4096 bytes)
[    0.000000] Built 1 zonelists, mobility grouping on.  Total pages: 257913
[    0.000000] Policy zone: DMA32
[    0.000000] Kernel command line: BOOT_IMAGE=/boot/vmlinuz-4.15.0-162-generic root=UUID=9ec048ba-a1ef-4711-b78a-de2aeea58283 ro console=tty1 console=ttyS0
[    0.000000] Memory: 981852K/1048120K available (12300K kernel code, 2483K rwdata, 4320K rodata, 2448K init, 2724K bss, 66268K reserved, 0K cma-reserved)
[    0.000000] SLUB: HWalign=64, Order=0-3, MinObjects=0, CPUs=2, Nodes=1
[    0.000000] Kernel/User page tables isolation: enabled
[    0.000000] ftrace: allocating 39475 entries in 155 pages
[    0.004000] Hierarchical RCU implementation.
[    0.004000] 	RCU restricting CPUs from NR_CPUS=8192 to nr_cpu_ids=2.
[    0.004000] 	Tasks RCU enabled.
[    0.004000] RCU: Adjusting geometry for rcu_fanout_leaf=16, nr_cpu_ids=2
[    0.004000] NR_IRQS: 524544, nr_irqs: 440, preallocated irqs: 16
[    0.004000] Console: colour VGA+ 80x25
[    0.004000] console [tty1] enabled
[    0.004000] console [ttyS0] enabled
[    0.004000] ACPI: Core revision 20170831
[    0.004000] ACPI: 2 ACPI AML tables successfully acquired and loaded
[    0.004000] APIC: Switch to symmetric I/O mode setup
[    0.004000] x2apic enabled
[    0.004000] Switched APIC routing to physical x2apic.
[    0.005160] ..TIMER: vector=0x30 apic1=0 pin1=2 apic2=-1 pin2=-1
[    0.008005] tsc: Detected 3096.000 MHz processor
[    0.012012] Calibrating delay loop (skipped) preset value.. 6192.00 BogoMIPS (lpj=12384000)
[    0.016009] pid_max: default: 32768 minimum: 301
[    0.017988] Security Framework initialized
[    0.020007] Yama: becoming mindful.
[    0.022068] AppArmor: AppArmor initialized
[    0.025979] Dentry cache hash table entries: 131072 (order: 8, 1048576 bytes)
[    0.028078] Inode-cache hash table entries: 65536 (order: 7, 524288 bytes)
[    0.032028] Mount-cache hash table entries: 2048 (order: 2, 16384 bytes)
[    0.034043] Mountpoint-cache hash table entries: 2048 (order: 2, 16384 bytes)
[    0.040152] Last level iTLB entries: 4KB 64, 2MB 8, 4MB 8
[    0.041933] Last level dTLB entries: 4KB 64, 2MB 0, 4MB 0, 1GB 4
[    0.043874] Spectre V1 : Mitigation: usercopy/swapgs barriers and __user pointer sanitization
[    0.044005] Spectre V2 : Mitigation: Full generic retpoline
[    0.048005] Spectre V2 : Spectre v2 / SpectreRSB mitigation: Filling RSB on context switch
[    0.052003] Speculative Store Bypass: Vulnerable
[    0.053018] SRBDS: Unknown: Dependent on hypervisor status
[    0.054119] MDS: Mitigation: Clear CPU buffers
[    0.056332] Freeing SMP alternatives memory: 36K
[    0.174672] smpboot: CPU0: Intel(R) Core(TM) i5-7267U CPU @ 3.10GHz (family: 0x6, model: 0x8e, stepping: 0x9)
[    0.176098] Performance Events: unsupported p6 CPU model 142 no PMU driver, software events only.
[    0.179098] Hierarchical SRCU implementation.
[    0.181499] NMI watchdog: Perf event create on CPU 0 failed with -2
[    0.184005] NMI watchdog: Perf NMI watchdog permanently disabled
[    0.188073] smp: Bringing up secondary CPUs ...
[    0.190644] x86: Booting SMP configuration:
[    0.192005] .... node  #0, CPUs:      #1
[    0.004000] kvm-clock: cpu 1, msr 0:3ff44041, secondary cpu clock
[    0.200024] smp: Brought up 1 node, 2 CPUs
[    0.201143] smpboot: Max logical packages: 1
[    0.202719] smpboot: Total of 2 processors activated (12384.00 BogoMIPS)
[    0.204340] devtmpfs: initialized
[    0.208064] x86/mm: Memory block size: 128MB
[    0.209926] evm: security.selinux
[    0.211119] evm: security.SMACK64
[    0.212007] evm: security.SMACK64EXEC
[    0.213581] evm: security.SMACK64TRANSMUTE
[    0.216006] evm: security.SMACK64MMAP
[    0.217488] evm: security.apparmor
[    0.218806] evm: security.ima
[    0.220004] evm: security.capability
[    0.221617] clocksource: jiffies: mask: 0xffffffff max_cycles: 0xffffffff, max_idle_ns: 7645041785100000 ns
[    0.224024] futex hash table entries: 512 (order: 3, 32768 bytes)
[    0.228093] pinctrl core: initialized pinctrl subsystem
[    0.232147] RTC time:  1:02:51, date: 11/15/21
[    0.234248] NET: Registered protocol family 16
[    0.236127] audit: initializing netlink subsys (disabled)
[    0.239381] audit: type=2000 audit(1636938181.595:1): state=initialized audit_enabled=0 res=1
[    0.240018] cpuidle: using governor ladder
[    0.244011] cpuidle: using governor menu
[    0.246036] ACPI: bus type PCI registered
[    0.248005] acpiphp: ACPI Hot Plug PCI Controller Driver version: 0.5
[    0.250421] PCI: Using configuration type 1 for base access
[    0.256039] HugeTLB registered 2.00 MiB page size, pre-allocated 0 pages
[    0.258671] ACPI: Added _OSI(Module Device)
[    0.260005] ACPI: Added _OSI(Processor Device)
[    0.262256] ACPI: Added _OSI(3.0 _SCP Extensions)
[    0.264014] ACPI: Added _OSI(Processor Aggregator Device)
[    0.265852] ACPI: Added _OSI(Linux-Dell-Video)
[    0.268005] ACPI: Added _OSI(Linux-Lenovo-NV-HDMI-Audio)
[    0.270264] ACPI: Added _OSI(Linux-HPI-Hybrid-Graphics)
[    0.272394] ACPI: Executed 1 blocks of module-level executable AML code
[    0.277244] ACPI: Interpreter enabled
[    0.278710] ACPI: (supports S0 S5)
[    0.279965] ACPI: Using IOAPIC for interrupt routing
[    0.280276] PCI: Using host bridge windows from ACPI; if necessary, use "pci=nocrs" and report a bug
[    0.284246] ACPI: Enabled 2 GPEs in block 00 to 07
[    0.294435] ACPI: PCI Root Bridge [PCI0] (domain 0000 [bus 00-ff])
[    0.296017] acpi PNP0A03:00: _OSC: OS supports [ASPM ClockPM Segments MSI]
[    0.298674] acpi PNP0A03:00: _OSC: not requesting OS control; OS requires [ExtendedConfig ASPM ClockPM MSI]
[    0.300108] acpi PNP0A03:00: fail to add MMCONFIG information, can't access extended PCI configuration space under this bridge.
[    0.304508] PCI host bridge to bus 0000:00
[    0.308005] pci_bus 0000:00: root bus resource [io  0x0000-0x0cf7 window]
[    0.309849] pci_bus 0000:00: root bus resource [io  0x0d00-0xffff window]
[    0.312008] pci_bus 0000:00: root bus resource [mem 0x000a0000-0x000bffff window]
[    0.314797] pci_bus 0000:00: root bus resource [mem 0x40000000-0xfdffffff window]
[    0.316005] pci_bus 0000:00: root bus resource [bus 00-ff]
[    0.321853] pci 0000:00:01.1: legacy IDE quirk: reg 0x10: [io  0x01f0-0x01f7]
[    0.324005] pci 0000:00:01.1: legacy IDE quirk: reg 0x14: [io  0x03f6]
[    0.325453] pci 0000:00:01.1: legacy IDE quirk: reg 0x18: [io  0x0170-0x0177]
[    0.327603] pci 0000:00:01.1: legacy IDE quirk: reg 0x1c: [io  0x0376]
[    0.345039] pci 0000:00:07.0: quirk: [io  0x4000-0x403f] claimed by PIIX4 ACPI
[    0.347505] pci 0000:00:07.0: quirk: [io  0x4100-0x410f] claimed by PIIX4 SMB
[    0.354940] ACPI: PCI Interrupt Link [LNKA] (IRQs 5 9 10 *11)
[    0.356319] ACPI: PCI Interrupt Link [LNKB] (IRQs 5 9 *10 11)
[    0.358675] ACPI: PCI Interrupt Link [LNKC] (IRQs 5 *9 10 11)
[    0.360139] ACPI: PCI Interrupt Link [LNKD] (IRQs 5 9 10 *11)
[    0.362124] SCSI subsystem initialized
[    0.364049] pci 0000:00:02.0: vgaarb: setting as boot VGA device
[    0.365614] pci 0000:00:02.0: vgaarb: VGA device added: decodes=io+mem,owns=io+mem,locks=none
[    0.368012] pci 0000:00:02.0: vgaarb: bridge control possible
[    0.369231] vgaarb: loaded
[    0.369863] ACPI: bus type USB registered
[    0.370722] usbcore: registered new interface driver usbfs
[    0.372017] usbcore: registered new interface driver hub
[    0.373167] usbcore: registered new device driver usb
[    0.376089] EDAC MC: Ver: 3.0.0
[    0.376989] PCI: Using ACPI for IRQ routing
[    0.377582] NetLabel: Initializing
[    0.380006] NetLabel:  domain hash size = 128
[    0.380959] NetLabel:  protocols = UNLABELED CIPSOv4 CALIPSO
[    0.382423] NetLabel:  unlabeled traffic allowed by default
[    0.384066] clocksource: Switched to clocksource kvm-clock
[    0.409106] VFS: Disk quotas dquot_6.6.0
[    0.410442] VFS: Dquot-cache hash table entries: 512 (order 0, 4096 bytes)
[    0.412063] AppArmor: AppArmor Filesystem Enabled
[    0.413437] pnp: PnP ACPI init
[    0.416652] pnp: PnP ACPI: found 3 devices
[    0.426240] clocksource: acpi_pm: mask: 0xffffff max_cycles: 0xffffff, max_idle_ns: 2085701024 ns
[    0.429645] NET: Registered protocol family 2
[    0.434389] IP idents hash table entries: 16384 (order: 5, 131072 bytes)
[    0.438101] TCP established hash table entries: 8192 (order: 4, 65536 bytes)
[    0.441119] TCP bind hash table entries: 8192 (order: 5, 131072 bytes)
[    0.442461] TCP: Hash tables configured (established 8192 bind 8192)
[    0.444179] UDP hash table entries: 512 (order: 2, 16384 bytes)
[    0.445889] UDP-Lite hash table entries: 512 (order: 2, 16384 bytes)
[    0.448730] NET: Registered protocol family 1
[    0.449970] pci 0000:00:00.0: Limiting direct PCI/PCI transfers
[    0.451226] pci 0000:00:01.0: Activating ISA DMA hang workarounds
[    0.453122] pci 0000:00:02.0: Video device with shadowed ROM at [mem 0x000c0000-0x000dffff]
[    0.458634] Unpacking initramfs...
[    0.816558] Freeing initrd memory: 20384K
[    0.818597] clocksource: tsc: mask: 0xffffffffffffffff max_cycles: 0x2ca08564bf3, max_idle_ns: 440795312460 ns
[    0.826706] platform rtc_cmos: registered platform RTC device (no PNP device found)
[    0.830888] Scanning for low memory corruption every 60 seconds
[    0.897489] Initialise system trusted keyrings
[    0.904607] Key type blacklist registered
[    0.909027] workingset: timestamp_bits=36 max_order=18 bucket_order=0
[    0.926514] zbud: loaded
[    0.927935] squashfs: version 4.0 (2009/01/31) Phillip Lougher
[    0.931929] fuse init (API version 7.26)
[    0.941302] Key type asymmetric registered
[    0.945093] Asymmetric key parser 'x509' registered
[    0.949099] Block layer SCSI generic (bsg) driver version 0.4 loaded (major 246)
[    0.955015] io scheduler noop registered
[    0.957764] io scheduler deadline registered
[    0.959278] io scheduler cfq registered (default)
[    0.963856] ACPI: AC Adapter [AC] (off-line)
[    0.965775] input: Power Button as /devices/LNXSYSTM:00/LNXPWRBN:00/input/input0
[    0.967539] ACPI: Power Button [PWRF]
[    0.968790] input: Sleep Button as /devices/LNXSYSTM:00/LNXSLPBN:00/input/input1
[    0.970487] ACPI: Sleep Button [SLPF]
[    0.972803] Serial: 8250/16550 driver, 32 ports, IRQ sharing enabled
[    0.975104] ACPI: Battery Slot [BAT0] (battery present)
[    1.014548] 00:02: ttyS0 at I/O 0x3f8 (irq = 4, base_baud = 115200) is a 16550A
[    1.018564] Linux agpgart interface v0.103
[    1.021904] loop: module loaded
[    1.024170] scsi host0: ata_piix
[    1.025958] scsi host1: ata_piix
[    1.026995] ata1: PATA max UDMA/33 cmd 0x1f0 ctl 0x3f6 bmdma 0xd000 irq 14
[    1.033469] ata2: PATA max UDMA/33 cmd 0x170 ctl 0x376 bmdma 0xd008 irq 15
[    1.036346] libphy: Fixed MDIO Bus: probed
[    1.039747] tun: Universal TUN/TAP device driver, 1.6
[    1.041458] PPP generic driver version 2.4.2
[    1.042810] ehci_hcd: USB 2.0 'Enhanced' Host Controller (EHCI) Driver
[    1.049563] ehci-pci: EHCI PCI platform driver
[    1.051016] ehci-platform: EHCI generic platform driver
[    1.052778] ohci_hcd: USB 1.1 'Open' Host Controller (OHCI) Driver
[    1.056388] ohci-pci: OHCI PCI platform driver
[    1.059628] ohci-platform: OHCI generic platform driver
[    1.063065] uhci_hcd: USB Universal Host Controller Interface driver
[    1.067510] i8042: PNP: PS/2 Controller [PNP0303:PS2K,PNP0f03:PS2M] at 0x60,0x64 irq 1,12
[    1.071330] serio: i8042 KBD port at 0x60,0x64 irq 1
[    1.072974] serio: i8042 AUX port at 0x60,0x64 irq 12
[    1.074902] mousedev: PS/2 mouse device common for all mice
[    1.077070] input: AT Translated Set 2 keyboard as /devices/platform/i8042/serio0/input/input2
[    1.079900] rtc_cmos rtc_cmos: rtc core: registered rtc_cmos as rtc0
[    1.081454] rtc_cmos rtc_cmos: alarms up to one day, 114 bytes nvram
[    1.082839] i2c /dev entries driver
[    1.084172] device-mapper: uevent: version 1.0.3
[    1.086600] device-mapper: ioctl: 4.37.0-ioctl (2017-09-20) initialised: dm-devel@redhat.com
[    1.089052] ledtrig-cpu: registered to indicate activity on CPUs
[    1.091186] NET: Registered protocol family 10
[    1.095781] Segment Routing with IPv6
[    1.096727] NET: Registered protocol family 17
[    1.097772] Key type dns_resolver registered
[    1.098941] mce: Using 0 MCE banks
[    1.099729] RAS: Correctable Errors collector initialized.
[    1.100984] sched_clock: Marking stable (1100963080, 0)->(1569669806, -468706726)
[    1.103032] registered taskstats version 1
[    1.103945] Loading compiled-in X.509 certificates
[    1.107130] Loaded X.509 cert 'Build time autogenerated kernel key: ebed311aedd59d9a851620769f4a146e4e1d43c6'
[    1.110750] Loaded X.509 cert 'Canonical Ltd. Live Patch Signing: 14df34d1a87cf37625abec039ef2bf521249b969'
[    1.113698] Loaded X.509 cert 'Canonical Ltd. Kernel Module Signing: 88f752e560a1e0737e31163a466ad7b70a850c19'
[    1.115980] zswap: loaded using pool lzo/zbud
[    1.122364] Key type big_key registered
[    1.123827] Key type trusted registered
[    1.126810] Key type encrypted registered
[    1.128016] AppArmor: AppArmor sha1 policy hashing enabled
[    1.129827] ima: No TPM chip found, activating TPM-bypass! (rc=-19)
[    1.132029] ima: Allocated hash algorithm: sha1
[    1.133522] evm: HMAC attrs: 0x1
[    1.135381]   Magic number: 13:222:3
[    1.136588] rtc_cmos rtc_cmos: setting system clock to 2021-11-15 01:02:52 UTC (1636938172)
[    1.150020] BIOS EDD facility v0.16 2004-Jun-25, 0 devices found
[    1.151931] EDD information not available.
[    1.234776] Freeing unused kernel image memory: 2448K
[    1.250621] Write protecting the kernel read-only data: 20480k
[    1.258132] Freeing unused kernel image memory: 2008K
[    1.265239] Freeing unused kernel image memory: 1824K
[    1.274762] x86/mm: Checked W+X mappings: passed, no W+X pages found.
[    1.276749] x86/mm: Checking user space page tables
[    1.285028] x86/mm: Checked W+X mappings: passed, no W+X pages found.
Loading, please wait...
starting version 237
[    1.452838] Fusion MPT base driver 3.04.20
[    1.455160] Copyright (c) 1999-2008 LSI Corporation
[    1.474732] AVX2 version of gcm_enc/dec engaged.
[    1.477279] AES CTR mode by8 optimization enabled
[    1.485140] e1000: Intel(R) PRO/1000 Network Driver - version 7.3.21-k8-NAPI
[    1.489381] e1000: Copyright (c) 1999-2006 Intel Corporation.
[    1.504890] Fusion MPT SPI Host driver 3.04.20
[    1.519515] mptbase: ioc0: Initiating bringup
[    1.616805] ioc0: LSI53C1030 A0: Capabilities={Initiator}
[    1.674110] input: ImExPS/2 Generic Explorer Mouse as /devices/platform/i8042/serio1/input/input4
[    1.862578] scsi host2: ioc0: LSI53C1030 A0, FwRev=00000000h, Ports=1, MaxQ=256, IRQ=20
[    2.035055] scsi 2:0:0:0: Direct-Access     VBOX     HARDDISK         1.0  PQ: 0 ANSI: 5
[    2.064087] scsi target2:0:0: Beginning Domain Validation
[    2.068995] scsi target2:0:0: Domain Validation skipping write tests
[    2.070572] scsi target2:0:0: Ending Domain Validation
[    2.083488] scsi target2:0:0: asynchronous
[    2.100367] scsi 2:0:1:0: Direct-Access     VBOX     HARDDISK         1.0  PQ: 0 ANSI: 5
[    2.133281] scsi target2:0:1: Beginning Domain Validation
[    2.140370] random: fast init done
[    2.141795] scsi target2:0:1: Domain Validation skipping write tests
[    2.143534] scsi target2:0:1: Ending Domain Validation
[    2.144806] scsi target2:0:1: asynchronous
[    2.151885] sd 2:0:0:0: [sda] 83886080 512-byte logical blocks: (42.9 GB/40.0 GiB)
[    2.155113] sd 2:0:0:0: [sda] Write Protect is off
[    2.157761] sd 2:0:0:0: [sda] Incomplete mode parameter data
[    2.157965] random: systemd-udevd: uninitialized urandom read (16 bytes read)
[    2.159392] sd 2:0:0:0: [sda] Assuming drive cache: write through
[    2.163373] random: systemd-udevd: uninitialized urandom read (16 bytes read)
[    2.165589] sd 2:0:0:0: Attached scsi generic sg0 type 0
[    2.174948] random: systemd-udevd: uninitialized urandom read (16 bytes read)
[    2.175543] sd 2:0:1:0: [sdb] 20480 512-byte logical blocks: (10.5 MB/10.0 MiB)
[    2.181516] sd 2:0:1:0: Attached scsi generic sg1 type 0
[    2.183158] sd 2:0:1:0: [sdb] Write Protect is off
[    2.184813] sd 2:0:1:0: [sdb] Incomplete mode parameter data
[    2.186929] sd 2:0:1:0: [sdb] Assuming drive cache: write through
[    2.191010]  sda: sda1
[    2.193018] sd 2:0:0:0: [sda] Attached SCSI disk
[    2.195535] sd 2:0:1:0: [sdb] Attached SCSI disk
[    2.515444] e1000 0000:00:03.0 eth0: (PCI:33MHz:32-bit) 02:82:2a:96:15:3b
[    2.517570] e1000 0000:00:03.0 eth0: Intel(R) PRO/1000 Network Connection
[    2.522371] e1000 0000:00:03.0 enp0s3: renamed from eth0
Begin: Loading essential drivers ... [    4.024184] raid6: sse2x1   gen()  5895 MB/s
[    4.072168] raid6: sse2x1   xor()  6409 MB/s
[    4.120248] raid6: sse2x2   gen() 11422 MB/s
[    4.168373] raid6: sse2x2   xor()  7286 MB/s
[    4.216082] raid6: sse2x4   gen() 11483 MB/s
[    4.264223] raid6: sse2x4   xor()  6882 MB/s
[    4.312206] raid6: avx2x1   gen() 20416 MB/s
[    4.360047] raid6: avx2x1   xor()  8108 MB/s
[    4.414550] raid6: avx2x2   gen() 14369 MB/s
[    4.464093] raid6: avx2x2   xor()  4836 MB/s
[    4.512072] raid6: avx2x4   gen() 11131 MB/s
[    4.560753] raid6: avx2x4   xor()  1292 MB/s
[    4.589548] raid6: using algorithm avx2x1 gen() 20416 MB/s
[    4.600832] raid6: .... xor() 8108 MB/s, rmw enabled
[    4.609844] raid6: using avx2x2 recovery algorithm
[    4.624112] xor: automatically using best checksumming function   avx       
[    4.628738] async_tx: api initialized (async)
done.
Begin: Running /scripts/init-premount ... done.
Begin: Mounting root file system ... Begin: Running /scripts/local-top ... done.
Begin: Running /scripts/local-premount ... [    4.704704] Btrfs loaded, crc32c=crc32c-intel
Scanning for Btrfs filesystems
done.
Begin: Will now check root file system ... fsck from util-linux 2.31.1
[/sbin/fsck.ext4 (1) -- /dev/sda1] fsck.ext4 -a -C0 /dev/sda1 
cloudimg-rootfs: recovering journal
cloudimg-rootfs: clean, 139579/5120000 files, 990930/10485499 blocks
done.
[    5.069949] EXT4-fs (sda1): mounted filesystem with ordered data mode. Opts: (null)
done.
Begin: Running /scripts/local-bottom ... done.
Begin: Running /scripts/init-bottom ... done.
[    6.664959] ip_tables: (C) 2000-2006 Netfilter Core Team
[    6.670199] random: crng init done
[    6.670979] random: 7 urandom warning(s) missed due to ratelimiting
[    6.687822] systemd[1]: systemd 237 running in system mode. (+PAM +AUDIT +SELINUX +IMA +APPARMOR +SMACK +SYSVINIT +UTMP +LIBCRYPTSETUP +GCRYPT +GNUTLS +ACL +XZ +LZ4 +SECCOMP +BLKID +ELFUTILS +KMOD -IDN2 +IDN -PCRE2 default-hierarchy=hybrid)
[    6.696842] systemd[1]: Detected virtualization oracle.
[    6.698588] systemd[1]: Detected architecture x86-64.

Welcome to [1mUbuntu 18.04.5 LTS[0m!

[    6.708917] systemd[1]: Set hostname to <ubuntu-bionic>.
[    8.745981] systemd[1]: Created slice System Slice.
[[0;32m  OK  [0m] Created slice System Slice.
[    8.748943] systemd[1]: Listening on LVM2 poll daemon socket.
[[0;32m  OK  [0m] Listening on LVM2 poll daemon socket.
[    8.752119] systemd[1]: Listening on fsck to fsckd communication Socket.
[[0;32m  OK  [0m] Listening on fsck to fsckd communication Socket.
[    8.762145] systemd[1]: Listening on Journal Socket.
[[0;32m  OK  [0m] Listening on Journal Socket.
[    8.767449] systemd[1]: Starting Uncomplicated firewall...
         Starting Uncomplicated firewall...
[    8.774050] systemd[1]: Mounting POSIX Message Queue File System...
         Mounting POSIX Message Queue File System...
[[0;32m  OK  [0m] Listening on Journal Audit Socket.
         Starting Load Kernel Modules...
[[0;32m  OK  [0m] Listening on Device-mapper event daemon FIFOs.
[[0;32m  OK  [0m] Listening on Syslog Socket.
[[0;32m  OK  [0m] Listening on /dev/initctl Compatibility Named Pipe.
         Starting Remount Root and Kernel File Systems...
[[0;32m  OK  [0m] Created slice system-serial\x2dgetty.slice.
         Starting Create list of required st…ce nodes for the current kernel...
[[0;32m  OK  [0m] Listening on Network Service Netlink Socket.
[[0;32m  OK  [0m] Listening on udev Control Socket.
[[0;32m  OK  [0m] Reached target System Time Synchronized.
[[0;32m  OK  [0m] Started Forward Password Requests to Wall Directory Watch.
[[0;32m  OK  [0m] Reached target Swap.
[[0;32m  OK  [0m] Created slice User and Session Slice.
[[0;32m  OK  [0m] Reached target Slices.
[[0;32m  OK  [0m] Listening on Journal Socket (/dev/log).
         Starting Journal Service...
[[0;32m  OK  [0m] Listening on LVM2 metadata daemon socket.
         Starting Monitoring of LVM2 mirrors…ng dmeventd or progress polling...
[[0;32m  OK  [0m] Listening on udev Kernel Socket.
         Starting udev Coldplug all Devices...
         Mounting Huge Pages File System...
         Starting Set the console keyboard layout...
[[0;32m  OK  [0m] Reached target User and Group Name Lookups.
         Mounting Kernel Debug File System...
[[0;32m  OK  [0m] Set up automount Arbitrary Executab…rmats File System Automount Point.
[[0;32m  OK  [0m] Started Journal Service.
[[0;32m  OK  [0m] Started Uncomplicated firewall.
[[0;32m  OK  [0m] Mounted POSIX Message Queue File System.
[    9.115138] Loading iSCSI transport class v2.0-870.
[    9.118602] EXT4-fs (sda1): re-mounted. Opts: (null)
[[0;32m  OK  [0m] Started Remount Root and Kernel File Systems.
[[0;32m  OK  [0m] Started Create list of required sta…vice nodes for the current kernel.
[[0;32m  OK  [0m] Mounted Huge Pages File System.
[[0;32m  OK  [0m] Mounted Kernel Debug File System.
         Starting Create Static Device Nodes in /dev...
         Starting Load/Save Random Seed...
         Starting Flush Journal to Persistent Storage...
[[0;32m  OK  [0m] Started LVM2 metadata daemon.
[[0;32m  OK  [0m] Started udev Coldplug all Devices.
[[0;32m  OK  [0m] Started Load/Save Random Seed.
[    9.512399] systemd-journald[412]: Received request to flush runtime journal from PID 1
[    9.631594] iscsi: registered transport (tcp)
[[0;32m  OK  [0m] Started Monitoring of LVM2 mirrors,…sing dmeventd or progress polling.
[[0;32m  OK  [0m] Started Set the console keyboard layout.
[[0;32m  OK  [0m] Started Create Static Device Nodes in /dev.
[[0;32m  OK  [0m] Reached target Local File Systems (Pre).
[[0;32m  OK  [0m] Reached target Local File Systems.
         Starting Set console font and keymap...
         Starting AppArmor initialization...
         Starting ebtables ruleset management...
         Starting Tell Plymouth To Write Out Runtime Data...
[   11.188984] iscsi: registered transport (iser)
         Starting udev Kernel Device Manager...
[[0;32m  OK  [0m] Started Load Kernel Modules.
[[0;32m  OK  [0m] Started Set console font and keymap.
         Mounting FUSE Control File System...
         Mounting Kernel Configuration File System...
         Starting Apply Kernel Variables...
[[0;32m  OK  [0m] Mounted FUSE Control File System.
[[0;32m  OK  [0m] Mounted Kernel Configuration File System.
[[0;32m  OK  [0m] Started Tell Plymouth To Write Out Runtime Data.
[[0;32m  OK  [0m] Started Apply Kernel Variables.
[[0;32m  OK  [0m] Started Flush Journal to Persistent Storage.
         Starting Create Volatile Files and Directories...
[[0;32m  OK  [0m] Started udev Kernel Device Manager.
[[0;32m  OK  [0m] Started Dispatch Password Requests to Console Directory Watch.
[[0;32m  OK  [0m] Reached target Local Encrypted Volumes.
[[0;32m  OK  [0m] Started Create Volatile Files and Directories.
         Starting Update UTMP about System Boot/Shutdown...
[[0;32m  OK  [0m] Started Update UTMP about System Boot/Shutdown.
[[0;32m  OK  [0m] Started ebtables ruleset management.
[[0;32m  OK  [0m] Started AppArmor initialization.
         Starting Load AppArmor profiles managed internally by snapd...
         Starting Initial cloud-init job (pre-networking)...
[[0;32m  OK  [0m] Started Load AppArmor profiles managed internally by snapd.
[[0;32m  OK  [0m] Found device /dev/ttyS0.
[[0;32m  OK  [0m] Listening on Load/Save RF Kill Switch Status /dev/rfkill Watch.
[   20.085464] cloud-init[525]: Cloud-init v. 21.2-3-g899bfaa9-0ubuntu2~18.04.1 running 'init-local' at Mon, 15 Nov 2021 01:03:10 +0000. Up 19.36 seconds.
[[0;32m  OK  [0m] Started Initial cloud-init job (pre-networking).
[[0;32m  OK  [0m] Reached target Network (Pre).
         Starting Network Service...
[[0;32m  OK  [0m] Started Network Service.
         Starting Wait for Network to be Configured...
         Starting Network Name Resolution...
[[0;32m  OK  [0m] Started Network Name Resolution.
[[0;32m  OK  [0m] Reached target Network.
[[0;32m  OK  [0m] Reached target Host and Network Name Lookups.
[[0;32m  OK  [0m] Started Wait for Network to be Configured.
         Starting Initial cloud-init job (metadata service crawler)...
[   24.929568] cloud-init[674]: Cloud-init v. 21.2-3-g899bfaa9-0ubuntu2~18.04.1 running 'init' at Mon, 15 Nov 2021 01:03:14 +0000. Up 23.63 seconds.
[   24.938804] cloud-init[674]: ci-info: ++++++++++++++++++++++++++++++++++++++Net device info++++++++++++++++++++++++++++++++++++++
[   24.944700] cloud-init[674]: ci-info: +--------+------+----------------------------+---------------+--------+-------------------+
[   24.949867] cloud-init[674]: ci-info: | Device |  Up  |          Address           |      Mask     | Scope  |     Hw-Address    |
[   24.953044] cloud-init[674]: ci-info: +--------+------+----------------------------+---------------+--------+-------------------+
[   24.955866] cloud-init[674]: ci-info: | enp0s3 | True |         10.0.2.15          | 255.255.255.0 | global | 02:82:2a:96:15:3b |
[   24.960123] cloud-init[674]: ci-info: | enp0s3 | True | fe80::82:2aff:fe96:153b/64 |       .       |  link  | 02:82:2a:96:15:3b |
[   24.963208] cloud-init[674]: ci-info: |   lo   | True |         127.0.0.1          |   255.0.0.0   |  host  |         .         |
[   24.967849] cloud-init[674]: ci-info: |   lo   | True |          ::1/128           |       .       |  host  |         .         |
[   24.972214] cloud-init[674]: ci-info: +--------+------+----------------------------+---------------+--------+-------------------+
[   24.977056] cloud-init[674]: ci-info: ++++++++++++++++++++++++++++Route IPv4 info+++++++++++++++++++++++++++++
[   24.986351] cloud-init[674]: ci-info: +-------+-------------+----------+-----------------+-----------+-------+
[   24.989946] cloud-init[674]: ci-info: | Route | Destination | Gateway  |     Genmask     | Interface | Flags |
[   24.991959] cloud-init[674]: ci-info: +-------+-------------+----------+-----------------+-----------+-------+
[   24.995322] cloud-init[674]: ci-info: |   0   |   0.0.0.0   | 10.0.2.2 |     0.0.0.0     |   enp0s3  |   UG  |
[   24.997995] cloud-init[674]: ci-info: |   1   |   10.0.2.0  | 0.0.0.0  |  255.255.255.0  |   enp0s3  |   U   |
[   25.005002] cloud-init[674]: ci-info: |   2   |   10.0.2.2  | 0.0.0.0  | 255.255.255.255 |   enp0s3  |   UH  |
[   25.008754] cloud-init[674]: ci-info: +-------+-------------+----------+-----------------+-----------+-------+
[   25.015098] cloud-init[674]: ci-info: +++++++++++++++++++Route IPv6 info+++++++++++++++++++
[   25.019267] cloud-init[674]: ci-info: +-------+-------------+---------+-----------+-------+
[   25.021272] cloud-init[674]: ci-info: | Route | Destination | Gateway | Interface | Flags |
[   25.027205] cloud-init[674]: ci-info: +-------+-------------+---------+-----------+-------+
[   25.160917] cloud-init[674]: ci-info: |   1   |  fe80::/64  |    ::   |   enp0s3  |   U   |
[   25.195789] cloud-init[674]: ci-info: |   3   |    local    |    ::   |   enp0s3  |   U   |
[   25.198037] cloud-init[674]: ci-info: |   4   |   ff00::/8  |    ::   |   enp0s3  |   U   |
[   25.201954] cloud-init[674]: ci-info: +-------+-------------+---------+-----------+-------+
[[0;32m  OK  [0m] Started Initial cloud-init job (metadata service crawler).
[[0;32m  OK  [0m] Reached target Network is Online.
         Starting Availability of block devices...
[[0;32m  OK  [0m] Reached target Remote File Systems (Pre).
         Mounting /vagrant...
[[0;32m  OK  [0m] Reached target System Initialization.
[[0;32m  OK  [0m] Started Message of the Day.
[[0;32m  OK  [0m] Listening on UUID daemon activation socket.
         Starting LXD - unix socket.
         Starting Socket activation for snappy daemon.
[[0;32m  OK  [0m] Listening on Open-iSCSI iscsid Socket.
[[0;32m  OK  [0m] Started Ubuntu Advantage update messaging.
[[0;32m  OK  [0m] Listening on ACPID Listen Socket.
[[0;32m  OK  [0m] Started Daily apt download activities.
[[0;32m  OK  [0m] Started Daily apt upgrade and clean activities.
[[0;32m  OK  [0m] Listening on D-Bus System Message Bus Socket.
[[0;32m  OK  [0m] Started Discard unused blocks once a week.
[[0;32m  OK  [0m] Started Daily Cleanup of Temporary Directories.
[[0;32m  OK  [0m] Reached target Timers.
[[0;32m  OK  [0m] Started ACPI Events Check.
[[0;32m  OK  [0m] Reached target Paths.
[[0;32m  OK  [0m] Reached target Cloud-config availability.
[[0;32m  OK  [0m] Started Availability of block devices.
[[0;32m  OK  [0m] Mounted /vagrant.
[[0;32m  OK  [0m] Listening on LXD - unix socket.
[[0;32m  OK  [0m] Listening on Socket activation for snappy daemon.
[[0;32m  OK  [0m] Reached target Sockets.
[[0;32m  OK  [0m] Reached target Basic System.
[[0;32m  OK  [0m] Started Deferred execution scheduler.
[[0;32m  OK  [0m] Started FUSE filesystem for LXC.
         Starting Snap Daemon...
         Starting Login Service...
         Starting LSB: Record successful boot for GRUB...
         Starting OpenBSD Secure Shell server...
         Starting Virtualbox guest utils...
         Starting Dispatcher daemon for systemd-networkd...
[[0;32m  OK  [0m] Started Regular background program processing daemon.
         Starting System Logging Service...
         Starting Discard unused blocks...
         Starting Accounts Service...
[[0;32m  OK  [0m] Started D-Bus System Message Bus.
[[0;32m  OK  [0m] Started Login Service.
[[0;32m  OK  [0m] Started Unattended Upgrades Shutdown.
[[0;32m  OK  [0m] Started irqbalance daemon.
         Starting LXD - container startup/shutdown...
[[0;32m  OK  [0m] Reached target Remote File Systems.
         Starting Permit User Sessions...
         Starting LSB: automatic crash report generation...
[[0;32m  OK  [0m] Started System Logging Service.
[[0;32m  OK  [0m] Started Discard unused blocks.
[[0;32m  OK  [0m] Started Permit User Sessions.
         Starting Terminate Plymouth Boot Screen...
         Starting Hold until boot process finishes up...
[[0;32m  OK  [0m] Started OpenBSD Secure Shell server.
[[0;32m  OK  [0m] Started Terminate Plymouth Boot Screen.
[[0;32m  OK  [0m] Started Hold until boot process finishes up.
         Starting Authorization Manager...
         Starting Set console scheme...
[[0;32m  OK  [0m] Started Serial Getty on ttyS0.
[[0;32m  OK  [0m] Started Set console scheme.
[[0;32m  OK  [0m] Created slice system-getty.slice.
[[0;32m  OK  [0m] Started Getty on tty1.
[[0;32m  OK  [0m] Reached target Login Prompts.
[[0;32m  OK  [0m] Started LSB: automatic crash report generation.
[[0;32m  OK  [0m] Started LSB: Record successful boot for GRUB.
[[0;32m  OK  [0m] Started Authorization Manager.
[[0;32m  OK  [0m] Started Accounts Service.
[[0;32m  OK  [0m] Started Dispatcher daemon for systemd-networkd.
[[0;32m  OK  [0m] Started Virtualbox guest utils.
[[0;32m  OK  [0m] Started LXD - container startup/shutdown.
[[0;32m  OK  [0m] Started Snap Daemon.
         Starting Wait until snapd is fully seeded...
[[0;32m  OK  [0m] Started Wait until snapd is fully seeded.
         Starting Apply the settings specified in cloud-config...
[[0;32m  OK  [0m] Reached target Multi-User System.
[[0;32m  OK  [0m] Reached target Graphical Interface.
         Starting Update UTMP about System Runlevel Changes...
[[0;32m  OK  [0m] Started Update UTMP about System Runlevel Changes.
[   33.240480] cloud-init[1091]: Cloud-init v. 21.2-3-g899bfaa9-0ubuntu2~18.04.1 running 'modules:config' at Mon, 15 Nov 2021 01:03:24 +0000. Up 32.66 seconds.

Ubuntu 18.04.5 LTS ubuntu-bionic ttyS0

ubuntu-bionic login: [   36.599773] cloud-init[1135]: Cloud-init v. 21.2-3-g899bfaa9-0ubuntu2~18.04.1 running 'modules:final' at Mon, 15 Nov 2021 01:03:27 +0000. Up 36.09 seconds.
[   36.603473] cloud-init[1135]: Cloud-init v. 21.2-3-g899bfaa9-0ubuntu2~18.04.1 finished at Mon, 15 Nov 2021 01:03:27 +0000. Datasource DataSourceNoCloud [seed=/dev/sdb][dsmode=net].  Up 36.58 seconds
